GT_Mod: Preload-Phase started!
GT_Mod: Getting required Items of other Mods.
GT_Mod: Are you there Translocator? false
GT_Mod: Are you there TConstruct? false
GT_Mod: Are you there GalacticraftCore? true
GT_Mod: Setting Configs
GregTech failed to load the property MaterialSmeltInto of Material:CustomOre00GregTech failed to load the property MaterialMacerateInto of Material:CustomOre00GregTech failed to load the property MaterialArcSmeltInto of Material:CustomOre00GregTech failed to load the property MaterialDirectSmeltInto of Material:CustomOre00GregTech failed to load the property MaterialSmeltInto of Material:CustomOre01GregTech failed to load the property MaterialMacerateInto of Material:CustomOre01GregTech failed to load the property MaterialArcSmeltInto of Material:CustomOre01GregTech failed to load the property MaterialDirectSmeltInto of Material:CustomOre01GregTech failed to load the property MaterialSmeltInto of Material:CustomOre02GregTech failed to load the property MaterialMacerateInto of Material:CustomOre02GregTech failed to load the property MaterialArcSmeltInto of Material:CustomOre02GregTech failed to load the property MaterialDirectSmeltInto of Material:CustomOre02GregTech failed to load the property MaterialSmeltInto of Material:CustomOre03GregTech failed to load the property MaterialMacerateInto of Material:CustomOre03GregTech failed to load the property MaterialArcSmeltInto of Material:CustomOre03GregTech failed to load the property MaterialDirectSmeltInto of Material:CustomOre03GregTech failed to load the property MaterialSmeltInto of Material:CustomOre04GregTech failed to load the property MaterialMacerateInto of Material:CustomOre04GregTech failed to load the property MaterialArcSmeltInto of Material:CustomOre04GregTech failed to load the property MaterialDirectSmeltInto of Material:CustomOre04GregTech failed to load the property MaterialSmeltInto of Material:CustomOre05GregTech failed to load the property MaterialMacerateInto of Material:CustomOre05GregTech failed to load the property MaterialArcSmeltInto of Material:CustomOre05GregTech failed to load the property MaterialDirectSmeltInto of Material:CustomOre05GregTech failed to load the property MaterialSmeltInto of Material:CustomOre06GregTech failed to load the property MaterialMacerateInto of Material:CustomOre06GregTech failed to load the property MaterialArcSmeltInto of Material:CustomOre06GregTech failed to load the property MaterialDirectSmeltInto of Material:CustomOre06GregTech failed to load the property MaterialSmeltInto of Material:CustomOre07GregTech failed to load the property MaterialMacerateInto of Material:CustomOre07GregTech failed to load the property MaterialArcSmeltInto of Material:CustomOre07GregTech failed to load the property MaterialDirectSmeltInto of Material:CustomOre07GregTech failed to load the property MaterialSmeltInto of Material:CustomOre08GregTech failed to load the property MaterialMacerateInto of Material:CustomOre08GregTech failed to load the property MaterialArcSmeltInto of Material:CustomOre08GregTech failed to load the property MaterialDirectSmeltInto of Material:CustomOre08GregTech failed to load the property MaterialSmeltInto of Material:CustomOre09GregTech failed to load the property MaterialMacerateInto of Material:CustomOre09GregTech failed to load the property MaterialArcSmeltInto of Material:CustomOre09GregTech failed to load the property MaterialDirectSmeltInto of Material:CustomOre09GregTech failed to load the property MaterialSmeltInto of Material:CustomOre10GregTech failed to load the property MaterialMacerateInto of Material:CustomOre10GregTech failed to load the property MaterialArcSmeltInto of Material:CustomOre10GregTech failed to load the property MaterialDirectSmeltInto of Material:CustomOre10GregTech failed to load the property MaterialSmeltInto of Material:CustomOre11GregTech failed to load the property MaterialMacerateInto of Material:CustomOre11GregTech failed to load the property MaterialArcSmeltInto of Material:CustomOre11GregTech failed to load the property MaterialDirectSmeltInto of Material:CustomOre11GregTech failed to load the property MaterialSmeltInto of Material:CustomOre12GregTech failed to load the property MaterialMacerateInto of Material:CustomOre12GregTech failed to load the property MaterialArcSmeltInto of Material:CustomOre12GregTech failed to load the property MaterialDirectSmeltInto of Material:CustomOre12GregTech failed to load the property MaterialSmeltInto of Material:CustomOre13GregTech failed to load the property MaterialMacerateInto of Material:CustomOre13GregTech failed to load the property MaterialArcSmeltInto of Material:CustomOre13GregTech failed to load the property MaterialDirectSmeltInto of Material:CustomOre13GregTech failed to load the property MaterialSmeltInto of Material:CustomOre14GregTech failed to load the property MaterialMacerateInto of Material:CustomOre14GregTech failed to load the property MaterialArcSmeltInto of Material:CustomOre14GregTech failed to load the property MaterialDirectSmeltInto of Material:CustomOre14GregTech failed to load the property MaterialSmeltInto of Material:CustomOre15GregTech failed to load the property MaterialMacerateInto of Material:CustomOre15GregTech failed to load the property MaterialArcSmeltInto of Material:CustomOre15GregTech failed to load the property MaterialDirectSmeltInto of Material:CustomOre15GT_Mod: Saving Main Config
GT_Mod: Generating Lang-File
GT_Mod: Removing all original Scrapbox Drops.
GT_Mod: Adding Scrap with a Weight of 200.0F to the Scrapbox Drops.
GT_Mod: Register Ore processing.
GT_Mod: Register OreDict Entries of Non-GT-Items.
GT_Mod: Loading Item Data Tags
GT_Mod: Register Books.
GT_Mod: Added Book to Book List  -  Mapping: 'Manual_Printer'  -  Name: 'Printer Manual V2.0'  -  Author: 'Gregorius Techneticies'
GT_Mod: Added Book to Book List  -  Mapping: 'Manual_Punch_Cards'  -  Name: 'Punch Card Manual V0.0'  -  Author: 'Gregorius Techneticies'
GT_Mod: Added Book to Book List  -  Mapping: 'Manual_Microwave'  -  Name: 'Microwave Oven Manual'  -  Author: 'Kitchen Industries'
GT_Mod: Register Items.
GT_Mod: Adding Blocks.
GT_Mod: Register TileEntities.
GT_Mod: Testing BaseMetaTileEntity.
GT_Mod: Registering the BaseMetaTileEntity.
GT_Mod: Registering the BaseMetaPipeEntity.
GT_Mod: Registering the Ore TileEntity.
GT_Mod: Registering Fluids.
GT_Mod: Hiding certain Items from NEI.
GT_Mod: Registering MetaTileEntities.
GT_Mod: Register Redstone Circuit behaviours.
GT_Mod: Adding Cover Behaviors
GT_Mod: Loading Sonictron Sounds
GT_Mod: Sorting GregTech to the end of the Mod List for further processing.
GT_Mod: Preload-Phase finished!
GT_Mod: Beginning Load-Phase.
GT_Mod: Scanning for certain kinds of compatible Machineblocks.
GT_Mod: Registering various Tools to be usable on GregTech Machines
GT_Mod: Adding Food Recipes to the Automatic Canning Machine. (also during the following Item Iteration)
GT_Mod: Scanning ItemList.
GT_Mod: Removed infinite BC Wrench: item.appliedenergistics2.ToolNetworkTool
GT_Mod: Removed infinite BC Wrench: item.wrenchItem
GT_Mod: Removed infinite BC Wrench: item.for.wrench
GT_Mod: Registered valid RC Crowbar: item.railcraft.tool.crowbar
GT_Mod: Registered valid RC Crowbar: item.railcraft.tool.crowbar.reinforced
GT_Mod: Removed infinite BC Wrench: item.itemYetaWrench
GT_Mod: Registered valid BC Wrench: item.standardWrench
GT_Mod: Registered valid BC Wrench: item.graviTool
GT_Mod: Re-Unificating Recipes.
GT_Mod: Initializing various Fuels.
GT_Mod: Load-Phase finished!
GT_Mod: Beginning PostLoad-Phase.
GT_Mod: Adding Configs specific for MetaTileEntities
GT_Mod: Adding Tool Usage Crafting Recipes for OreDict Items.
GT_Mod: Re-Unificating Recipes.
GT_Mod: Adding worldgenerated Chest Content.
GT_Mod: Changing maximum Stacksizes if configured.
GT_Mod: Adding Stuff to the Recycler Blacklist.
GT_Mod: Adding Blocks to the Miners Valuable List.
GT_Mod: Adding non-OreDict Machine Recipes.
GT_Mod: (re-)adding Scrapbox Drops.
GT_Mod: Register Crops to IC2.
GT_Mod: Created a List of Tool Recipes containing 136 Recipes for recycling.
GT_Mod: Activating OreDictionary Handler, this can take some time, as it scans the whole OreDictionary
GT_Mod: List of Lists of Tool Recipes: []
GT_Mod: Vanilla Recipe List -> Outputs null or stackSize <=0: []
GT_Mod: Single Non Block Damagable Recipe List -> Outputs null or stackSize <=0: []
GT_Mod: Applying Recipes for Tools
GT_Mod: Removing Q-Armor Recipes if configured.
GT_Mod: Adding Rolling Machine Recipes.
GT_Mod: Replacing Railcraft Recipes with slightly more OreDicted Variants
GT_Mod: Adding nerfed Vanilla Recipes.
GT_Mod: Adding Vanilla Convenience Recipes.
GT_Mod: Adding Tool Recipes.
GT_Mod: Adding Wool and Color releated Recipes.
GT_Mod: Putting a Potato on a Stick.
GT_Mod: Removing the Recipe of the Enchantment Table, to have more Fun at enchanting with the Anvil and Books from Dungeons.
GT_Mod: Adding Mixed Metal Ingot Recipes.
GT_Mod: Beginning to add regular Crafting Recipes.
GT_Mod: Applying harder Recipes for several Blocks.
GT_Mod: Nerfing Vanilla Tool Durability
GT_Mod: Adding buffered Recipes.
GT_Mod: Saving Lang File.
GT_Mod: PostLoad-Phase finished!
GT_Mod: Adding Fake Recipes for NEI
GT_Mod: Loading finished, deallocating temporary Init Variables.
GT_Mod: Re-Unificating Recipes.
GT_Mod: ServerStarting-Phase started!
GT_Mod: Unificating outputs of all known Recipe Types.
GT_Mod: IC2 Machines
GT_Mod: Dungeon Loot
GT_Mod: Smelting
GT_Mod: Crafting Recipes
GT_Mod: ServerStarting-Phase finished!
GT_Mod: Cleaning up all OreDict Crafting Recipes, which have an empty List in them, since they are never meeting any Condition.
