[05:29:55] [Server thread/INFO]: Starting minecraft server version 1.7.10
[05:30:13] [Server thread/INFO]: Loading properties
[05:30:13] [Server thread/INFO]: Default game type: SURVIVAL
[05:30:13] [Server thread/INFO]: Generating keypair
[05:30:13] [Server thread/INFO]: Starting Minecraft server on 25.23.203.127:25565
[05:30:14] [Server thread/WARN]: **** SERVER IS RUNNING IN OFFLINE/INSECURE MODE!
[05:30:14] [Server thread/WARN]: The server will make no attempt to authenticate usernames. Beware.
[05:30:14] [Server thread/WARN]: While this makes the game possible to play without internet access, it also opens up the ability for hackers to connect with any username they choose.
[05:30:14] [Server thread/WARN]: To change this, set "online-mode" to "true" in the server.properties file.
[05:30:43] [Server thread/INFO]: Preparing level "world"
[05:30:43] [Server thread/INFO]: Preparing start region for level 0
[05:30:44] [Server thread/INFO]: Done (8.686s)! For help, type "help" or "?"
[05:37:37] [Server thread/INFO]: masev[/25.23.203.127:52553] logged in with entity id 466 at (9.507565587901617, 67.0, 24.02356734305224)
[05:37:37] [Server thread/INFO]: masev joined the game
[05:41:26] [Server thread/INFO]: masev lost connection: TextComponent{text='Disconnected', siblings=[], style=Style{hasParent=false, color=null, bold=null, italic=null, underlined=null, obfuscated=null, clickEvent=null, hoverEvent=null}}
[05:41:26] [Server thread/INFO]: masev left the game
[05:50:38] [Server thread/INFO]: masev[/25.23.203.127:52779] logged in with entity id 1571 at (9.477921377304629, 67.0, 24.44415527921038)
[05:50:38] [Server thread/INFO]: masev joined the game
[05:51:00] [Server thread/INFO]: <masev> кек
[05:52:30] [Server thread/INFO]: masev lost connection: TextComponent{text='Disconnected', siblings=[], style=Style{hasParent=false, color=null, bold=null, italic=null, underlined=null, obfuscated=null, clickEvent=null, hoverEvent=null}}
[05:52:30] [Server thread/INFO]: masev left the game
[05:58:59] [Server thread/INFO]: Nikitor[/25.57.71.30:57190] logged in with entity id 2181 at (6.485537632819119, 67.0, 25.284370874638544)
[05:58:59] [Server thread/INFO]: Nikitor joined the game
[05:59:24] [Server thread/INFO]: <Nikitor> kek
[06:03:45] [Server thread/INFO]: masev[/25.23.203.127:53120] logged in with entity id 2845 at (12.600510585833328, 66.0, 27.423966502862363)
[06:03:45] [Server thread/INFO]: masev joined the game
[06:03:49] [Server thread/INFO]: <Nikitor> шо
[06:04:07] [Server thread/INFO]: <Nikitor> надо шикарный домик сделать
[06:04:30] [Server thread/INFO]: <masev> pzdz kolbasit ekran vse migaet
[06:04:53] [Server thread/INFO]: <Nikitor> я могу серв на свой комп поставить
[06:05:26] [Server thread/INFO]: masev lost connection: TextComponent{text='Disconnected', siblings=[], style=Style{hasParent=false, color=null, bold=null, italic=null, underlined=null, obfuscated=null, clickEvent=null, hoverEvent=null}}
[06:05:26] [Server thread/INFO]: masev left the game
[06:11:32] [Server thread/INFO]: masev[/25.23.203.127:53309] logged in with entity id 5190 at (55.09140534930029, 66.0, 41.505526589377524)
[06:11:32] [Server thread/INFO]: masev joined the game
[06:12:05] [Server thread/INFO]: <masev> ясно всеравно мигает теперь в половину мощности
[06:12:09] [Server thread/INFO]: <masev> шо за треш
[06:13:43] [Server thread/INFO]: Nikitor lost connection: TextComponent{text='Disconnected', siblings=[], style=Style{hasParent=false, color=null, bold=null, italic=null, underlined=null, obfuscated=null, clickEvent=null, hoverEvent=null}}
[06:13:43] [Server thread/INFO]: Nikitor left the game
[06:15:23] [Server thread/INFO]: masev lost connection: TranslatableComponent{key='disconnect.genericReason', args=[Internal Exception: java.io.IOException: An existing connection was forcibly closed by the remote host], siblings=[], style=Style{hasParent=false, color=null, bold=null, italic=null, underlined=null, obfuscated=null, clickEvent=null, hoverEvent=null}}
[06:15:23] [Server thread/INFO]: masev left the game
[06:20:21] [Server thread/INFO]: Unknown command. Try /help for a list of commands
[06:20:23] [Server thread/INFO]: Stopping the server
[06:20:23] [Server thread/INFO]: Stopping server
[06:20:23] [Server thread/INFO]: Saving players
[06:20:23] [Server thread/INFO]: Saving worlds
[06:20:23] [Server thread/INFO]: Saving chunks for level 'world'/Overworld
[06:20:23] [Server thread/INFO]: Saving chunks for level 'world'/Nether
[06:20:23] [Server thread/INFO]: Saving chunks for level 'world'/Moon
[06:20:23] [Server thread/INFO]: Saving chunks for level 'world'/Mars
[06:20:23] [Server thread/INFO]: Saving chunks for level 'world'/Asteroids
